# JRE version: OpenJDK Runtime Environment (21.0.7) (build 21.0.7+-13880790-b1038.58)
# Java VM: OpenJDK 64-Bit Server VM (21.0.7+-13880790-b1038.58, mixed mode, tiered, compressed oops, compressed class ptrs, g1 gc, windows-amd64)
GC Precious Log:
 CardTable entry size: 512
 Card Set container configuration: InlinePtr #cards 4 size 8 Array Of Cards #cards 32 size 80 Howl #buckets 8 coarsen threshold 7372 Howl Bitmap #cards 1024 size 144 coarsen threshold 921 Card regions per heap region 1 cards per card region 8192
 CPUs: 8 total, 8 available
 Memory: 7939M
 Large Page Support: Disabled
 NUMA Support: Disabled
 Compressed Oops: Enabled (Zero based)
 Heap Region Size: 4M
 Heap Min Capacity: 8M
 Heap Initial Capacity: 128M
 Heap Max Capacity: 8G
 Pre-touch: Disabled
 Parallel Workers: 8
 Concurrent Workers: 2
 Concurrent Refinement Workers: 8
 Periodic GC: Disabled
Heap:
 garbage-first heap   total 1544192K, used 469347K [0x0000000600000000, 0x0000000800000000)
  region size 4096K, 7 young (28672K), 7 survivors (28672K)
 Metaspace       used 215804K, committed 219136K, reserved 1245184K
  class space    used 27577K, committed 29120K, reserved 1048576K
GC Heap History (20 events):
Event: 228.740 GC heap after
{Heap after GC invocations=93 (full 0):
 garbage-first heap   total 1146880K, used 350392K [0x0000000600000000, 0x0000000800000000)
  region size 4096K, 4 young (16384K), 4 survivors (16384K)
 Metaspace       used 212556K, committed 215488K, reserved 1245184K
  class space    used 27236K, committed 28672K, reserved 1048576K
}
Event: 237.345 GC heap before
{Heap before GC invocations=93 (full 0):
 garbage-first heap   total 1146880K, used 1018040K [0x0000000600000000, 0x0000000800000000)
  region size 4096K, 168 young (688128K), 4 survivors (16384K)
 Metaspace       used 212564K, committed 215488K, reserved 1245184K
  class space    used 27237K, committed 28672K, reserved 1048576K
}
Event: 237.396 GC heap after
{Heap after GC invocations=94 (full 0):
 garbage-first heap   total 1146880K, used 345650K [0x0000000600000000, 0x0000000800000000)
  region size 4096K, 3 young (12288K), 3 survivors (12288K)
 Metaspace       used 212564K, committed 215488K, reserved 1245184K
  class space    used 27237K, committed 28672K, reserved 1048576K
}
Event: 249.012 GC heap before
{Heap before GC invocations=94 (full 0):
 garbage-first heap   total 1146880K, used 1017394K [0x0000000600000000, 0x0000000800000000)
  region size 4096K, 168 young (688128K), 3 survivors (12288K)
 Metaspace       used 213058K, committed 216000K, reserved 1245184K
  class space    used 27303K, committed 28736K, reserved 1048576K
}
Event: 249.055 GC heap after
{Heap after GC invocations=95 (full 0):
 garbage-first heap   total 1146880K, used 354636K [0x0000000600000000, 0x0000000800000000)
  region size 4096K, 6 young (24576K), 6 survivors (24576K)
 Metaspace       used 213058K, committed 216000K, reserved 1245184K
  class space    used 27303K, committed 28736K, reserved 1048576K
}
Event: 435.725 GC heap before
{Heap before GC invocations=95 (full 0):
 garbage-first heap   total 1146880K, used 1014092K [0x0000000600000000, 0x0000000800000000)
  region size 4096K, 168 young (688128K), 6 survivors (24576K)
 Metaspace       used 215635K, committed 218752K, reserved 1245184K
  class space    used 27618K, committed 29120K, reserved 1048576K
}
Event: 436.624 GC heap after
{Heap after GC invocations=96 (full 0):
 garbage-first heap   total 1146880K, used 399449K [0x0000000600000000, 0x0000000800000000)
  region size 4096K, 18 young (73728K), 18 survivors (73728K)
 Metaspace       used 215635K, committed 218752K, reserved 1245184K
  class space    used 27618K, committed 29120K, reserved 1048576K
}
Event: 436.876 GC heap before
{Heap before GC invocations=96 (full 0):
 garbage-first heap   total 1146880K, used 411737K [0x0000000600000000, 0x0000000800000000)
  region size 4096K, 21 young (86016K), 18 survivors (73728K)
 Metaspace       used 215635K, committed 218752K, reserved 1245184K
  class space    used 27618K, committed 29120K, reserved 1048576K
}
Event: 437.282 GC heap after
{Heap after GC invocations=97 (full 0):
 garbage-first heap   total 1146880K, used 407215K [0x0000000600000000, 0x0000000800000000)
  region size 4096K, 2 young (8192K), 2 survivors (8192K)
 Metaspace       used 215635K, committed 218752K, reserved 1245184K
  class space    used 27618K, committed 29120K, reserved 1048576K
}
Event: 455.006 GC heap before
{Heap before GC invocations=97 (full 0):
 garbage-first heap   total 1146880K, used 870063K [0x0000000600000000, 0x0000000800000000)
  region size 4096K, 116 young (475136K), 2 survivors (8192K)
 Metaspace       used 215956K, committed 219072K, reserved 1245184K
  class space    used 27630K, committed 29120K, reserved 1048576K
}
Event: 455.047 GC heap after
{Heap after GC invocations=98 (full 0):
 garbage-first heap   total 1146880K, used 419041K [0x0000000600000000, 0x0000000800000000)
  region size 4096K, 5 young (20480K), 5 survivors (20480K)
 Metaspace       used 215956K, committed 219072K, reserved 1245184K
  class space    used 27630K, committed 29120K, reserved 1048576K
}
Event: 458.405 GC heap before
{Heap before GC invocations=98 (full 0):
 garbage-first heap   total 1146880K, used 799969K [0x0000000600000000, 0x0000000800000000)
  region size 4096K, 99 young (405504K), 5 survivors (20480K)
 Metaspace       used 215975K, committed 219072K, reserved 1245184K
  class space    used 27632K, committed 29120K, reserved 1048576K
}
Event: 458.550 GC heap after
{Heap after GC invocations=99 (full 0):
 garbage-first heap   total 1146880K, used 447066K [0x0000000600000000, 0x0000000800000000)
  region size 4096K, 12 young (49152K), 12 survivors (49152K)
 Metaspace       used 215975K, committed 219072K, reserved 1245184K
  class space    used 27632K, committed 29120K, reserved 1048576K
}
Event: 458.793 GC heap before
{Heap before GC invocations=99 (full 0):
 garbage-first heap   total 1146880K, used 475738K [0x0000000600000000, 0x0000000800000000)
  region size 4096K, 20 young (81920K), 12 survivors (49152K)
 Metaspace       used 215975K, committed 219072K, reserved 1245184K
  class space    used 27632K, committed 29120K, reserved 1048576K
}
Event: 459.101 GC heap after
{Heap after GC invocations=100 (full 0):
 garbage-first heap   total 1146880K, used 449603K [0x0000000600000000, 0x0000000800000000)
  region size 4096K, 2 young (8192K), 2 survivors (8192K)
 Metaspace       used 215975K, committed 219072K, reserved 1245184K
  class space    used 27632K, committed 29120K, reserved 1048576K
}
Event: 465.811 GC heap before
{Heap before GC invocations=100 (full 0):
 garbage-first heap   total 1146880K, used 1051715K [0x0000000600000000, 0x0000000800000000)
  region size 4096K, 150 young (614400K), 2 survivors (8192K)
 Metaspace       used 215793K, committed 219136K, reserved 1245184K
  class space    used 27577K, committed 29120K, reserved 1048576K
}
Event: 465.846 GC heap after
{Heap after GC invocations=101 (full 0):
 garbage-first heap   total 1146880K, used 451828K [0x0000000600000000, 0x0000000800000000)
  region size 4096K, 3 young (12288K), 3 survivors (12288K)
 Metaspace       used 215793K, committed 219136K, reserved 1245184K
  class space    used 27577K, committed 29120K, reserved 1048576K
}
Event: 472.223 GC heap before
{Heap before GC invocations=101 (full 0):
 garbage-first heap   total 1146880K, used 1062132K [0x0000000600000000, 0x0000000800000000)
  region size 4096K, 153 young (626688K), 3 survivors (12288K)
 Metaspace       used 215802K, committed 219136K, reserved 1245184K
  class space    used 27577K, committed 29120K, reserved 1048576K
}
Event: 472.569 GC heap after
{Heap after GC invocations=102 (full 0):
 garbage-first heap   total 1146880K, used 456889K [0x0000000600000000, 0x0000000800000000)
  region size 4096K, 4 young (16384K), 4 survivors (16384K)
 Metaspace       used 215802K, committed 219136K, reserved 1245184K
  class space    used 27577K, committed 29120K, reserved 1048576K
}
Event: 476.045 GC heap before
{Heap before GC invocations=103 (full 0):
 garbage-first heap   total 1146880K, used 882873K [0x0000000600000000, 0x0000000800000000)
  region size 4096K, 109 young (446464K), 4 survivors (16384K)
 Metaspace       used 215804K, committed 219136K, reserved 1245184K
  class space    used 27577K, committed 29120K, reserved 1048576K
}

